[dinobusd.finance/index.html]
[dinobusd.finance/favicon.png]
[dinobusd.finance/manifest.json]
[backblue.gif]
[fade.gif]
[index.html]
[dinobusd.finance/static/css/2.f83aec08.chunk.css]
[dinobusd.finance/index.html]
[kit.fontawesome.com/a076d05399.js]
[dinobusd.finance/static/js/main.84053f5c.chunk.js]
[dinobusd.finance/static/js/2.8639bebf.chunk.js]
[dinobusd.finance/static/media/fontawesome-webfont.8b43027f.eot]
[dinobusd.finance/static/media/fontawesome-webfont.8b43027fd41d.eot]
[dinobusd.finance/static/media/fontawesome-webfont.20fd1704.woff2]
[dinobusd.finance/static/media/fontawesome-webfont.f691f37e.woff]
[dinobusd.finance/static/media/fontawesome-webfont.1e59d233.ttf]
[dinobusd.finance/static/css/2.f83aec08.chunk.css]
[dinobusd.finance/static/css/main.9bf5c1b3.chunk.css]
[dinobusd.finance/static/media/fontawesome-webfont.c1e38fd9.svg]
[dinobusd.finance/static/media/fontawesome-webfont.c1e38fd9.svg]
